#
# There is insufficient memory for the Java Runtime Environment to continue.
# Native memory allocation (mmap) failed to map 50331648 bytes for G1 virtual space
# Possible reasons:
#   The system is out of physical RAM or swap space
#   The process is running with CompressedOops enabled, and the Java Heap may be blocking the growth of the native heap
# Possible solutions:
#   Reduce memory load on the system
#   Increase physical memory or swap space
#   Check if swap backing store is full
#   Decrease Java heap size (-Xmx/-Xms)
#   Decrease number of Java threads
#   Decrease Java thread stack sizes (-Xss)
#   Set larger code cache with -XX:ReservedCodeCacheSize=
#   JVM is running with Unscaled Compressed Oops mode in which the Java heap is
#     placed in the first 4GB address space. The Java Heap base address is the
#     maximum limit for the native heap growth. Please use -XX:HeapBaseMinAddress
#     to set the Java Heap base and to place the Java Heap above 4GB virtual address.
# This output file may be truncated or incomplete.
#
#  Out of Memory Error (os_windows.cpp:3825), pid=3652, tid=3008
#
# JRE version:  (17.0.10+1) (build )
# Java VM: OpenJDK 64-Bit Server VM (17.0.10+1-b1087.17, mixed mode, sharing, tiered, compressed oops, compressed class ptrs, g1 gc, windows-amd64)
# No core dump will be written. Minidumps are not enabled by default on client versions of Windows
#

---------------  S U M M A R Y ------------

Command Line: git4idea.http.GitAskPassApp Username for 'https://github.com': 

Host: Intel(R) Core(TM) i3-2330M CPU @ 2.20GHz, 4 cores, 2G,  Windows 10 , 64 bit Build 19041 (10.0.19041.3636)
Time: Fri Apr 19 15:27:32 2024 India Standard Time elapsed time: 1.386356 seconds (0d 0h 0m 1s)

---------------  T H R E A D  ---------------

Current thread (0x000001cf0a7b38b0):  JavaThread "Unknown thread" [_thread_in_vm, id=3008, stack(0x000000cba7a00000,0x000000cba7b00000)]

Stack: [0x000000cba7a00000,0x000000cba7b00000]
Native frames: (J=compiled Java code, j=interpreted, Vv=VM code, C=native code)
V  [jvm.dll+0x688ac9]
V  [jvm.dll+0x84220a]
V  [jvm.dll+0x843e4e]
V  [jvm.dll+0x8444b3]
V  [jvm.dll+0x24ba8f]
V  [jvm.dll+0x685899]
V  [jvm.dll+0x67a14a]
V  [jvm.dll+0x30c7eb]
V  [jvm.dll+0x313c96]
V  [jvm.dll+0x363a2e]
V  [jvm.dll+0x363c5f]
V  [jvm.dll+0x2e25b8]
V  [jvm.dll+0x2e3524]
V  [jvm.dll+0x812d71]
V  [jvm.dll+0x3718e1]
V  [jvm.dll+0x7f18d6]
V  [jvm.dll+0x3f553f]
V  [jvm.dll+0x3f7171]
C  [jli.dll+0x528f]
C  [ucrtbase.dll+0x21bb2]
C  [KERNEL32.DLL+0x17344]
C  [ntdll.dll+0x526b1]


---------------  P R O C E S S  ---------------

Threads class SMR info:
_java_thread_list=0x00007ffd8b0fef58, length=0, elements={
}

Java Threads: ( => current thread )

Other Threads:
  0x000001cf0a7e7ed0 GCTaskThread "GC Thread#0" [stack: 0x000000cba7b00000,0x000000cba7c00000] [id=7056]
  0x000001cf0a7ef580 ConcurrentGCThread "G1 Main Marker" [stack: 0x000000cba7c00000,0x000000cba7d00000] [id=2192]
  0x000001cf0a7effa0 ConcurrentGCThread "G1 Conc#0" [stack: 0x000000cba7d00000,0x000000cba7e00000] [id=5612]

[error occurred during error reporting (printing all threads), id 0xc0000005, EXCEPTION_ACCESS_VIOLATION (0xc0000005) at pc=0x00007ffd8a8b3187]

VM state: not at safepoint (not fully initialized)

VM Mutex/Monitor currently owned by a thread:  ([mutex/lock_event])
[0x000001cf0a7ad690] Heap_lock - owner thread: 0x000001cf0a7b38b0

Heap address: 0x00000000d0200000, size: 766 MB, Compressed Oops mode: 32-bit

CDS archive(s) mapped at: [0x0000000000000000-0x0000000000000000-0x0000000000000000), size 0, SharedBaseAddress: 0x0000000800000000, ArchiveRelocationMode: 1.
Narrow klass base: 0x0000000000000000, Narrow klass shift: 0, Narrow klass range: 0x0

GC Precious Log:
<Empty>

Heap:
 garbage-first heap   total 0K, used 0K [0x00000000d0200000, 0x0000000100000000)
  region size 1024K, 0 young (0K), 0 survivors (0K)
 Metaspace       used 0K, committed 0K, reserved 0K
  class space    used 0K, committed 0K, reserved 0K

Heap Regions: E=young(eden), S=young(survivor), O=old, HS=humongous(starts), HC=humongous(continues), CS=collection set, F=free, OA=open archive, CA=closed archive, TAMS=top-at-mark-start (previous, next)

Card table byte_map: [0x000001cf1cf30000,0x000001cf1d0b0000] _byte_map_base: 0x000001cf1c8af000

Marking Bits (Prev, Next): (CMBitMap*) 0x000001cf0a7e84f0, (CMBitMap*) 0x000001cf0a7e8530
 Prev Bits: [0x000001cf1d230000, 0x000001cf1de28000)
 Next Bits: [0x000001cf1de30000, 0x000001cf1ea28000)

GC Heap History (0 events):
No events

Dll operation events (1 events):
Event: 0.848 Loaded shared library C:\Program Files\JetBrains\PyCharm Community Edition 2023.3.4\jbr\bin\java.dll

Deoptimization events (0 events):
No events

Classes unloaded (0 events):
No events

Classes redefined (0 events):
No events

Internal exceptions (0 events):
No events

VM Operations (0 events):
No events

Events (0 events):
No events


Dynamic libraries:
0x00007ff68cab0000 - 0x00007ff68caba000 	C:\Program Files\JetBrains\PyCharm Community Edition 2023.3.4\jbr\bin\java.exe
0x00007ffdb9110000 - 0x00007ffdb9308000 	C:\WINDOWS\SYSTEM32\ntdll.dll
0x00007ffdb8a50000 - 0x00007ffdb8b0d000 	C:\WINDOWS\System32\KERNEL32.DLL
0x00007ffdb6840000 - 0x00007ffdb6b36000 	C:\WINDOWS\System32\KERNELBASE.dll
0x00007ffdb7040000 - 0x00007ffdb7140000 	C:\WINDOWS\System32\ucrtbase.dll
0x00007ffd9e3e0000 - 0x00007ffd9e3f7000 	C:\Program Files\JetBrains\PyCharm Community Edition 2023.3.4\jbr\bin\jli.dll
0x00007ffd99bf0000 - 0x00007ffd99c0b000 	C:\Program Files\JetBrains\PyCharm Community Edition 2023.3.4\jbr\bin\VCRUNTIME140.dll
0x00007ffdb7b40000 - 0x00007ffdb7cdf000 	C:\WINDOWS\System32\USER32.dll
0x00007ffdb6bd0000 - 0x00007ffdb6bf2000 	C:\WINDOWS\System32\win32u.dll
0x00007ffdb7140000 - 0x00007ffdb716b000 	C:\WINDOWS\System32\GDI32.dll
0x00007ffdb6d20000 - 0x00007ffdb6e37000 	C:\WINDOWS\System32\gdi32full.dll
0x00007ffdb6e40000 - 0x00007ffdb6edd000 	C:\WINDOWS\System32\msvcp_win.dll
0x00007ffda61d0000 - 0x00007ffda646a000 	C:\WINDOWS\WinSxS\amd64_microsoft.windows.common-controls_6595b64144ccf1df_6.0.19041.3636_none_60b6a03d71f818d5\COMCTL32.dll
0x00007ffdb8c30000 - 0x00007ffdb8cce000 	C:\WINDOWS\System32\msvcrt.dll
0x00007ffdb7b00000 - 0x00007ffdb7b32000 	C:\WINDOWS\System32\IMM32.DLL
0x00007ffdb13d0000 - 0x00007ffdb13dc000 	C:\Program Files\JetBrains\PyCharm Community Edition 2023.3.4\jbr\bin\vcruntime140_1.dll
0x00007ffd8d0d0000 - 0x00007ffd8d15d000 	C:\Program Files\JetBrains\PyCharm Community Edition 2023.3.4\jbr\bin\msvcp140.dll
0x00007ffd8a5c0000 - 0x00007ffd8b243000 	C:\Program Files\JetBrains\PyCharm Community Edition 2023.3.4\jbr\bin\server\jvm.dll
0x00007ffdb87b0000 - 0x00007ffdb8860000 	C:\WINDOWS\System32\ADVAPI32.dll
0x00007ffdb7a60000 - 0x00007ffdb7b00000 	C:\WINDOWS\System32\sechost.dll
0x00007ffdb8860000 - 0x00007ffdb8983000 	C:\WINDOWS\System32\RPCRT4.dll
0x00007ffdb67c0000 - 0x00007ffdb67e7000 	C:\WINDOWS\System32\bcrypt.dll
0x00007ffdab470000 - 0x00007ffdab47a000 	C:\WINDOWS\SYSTEM32\VERSION.dll
0x00007ffdb6620000 - 0x00007ffdb666b000 	C:\WINDOWS\SYSTEM32\POWRPROF.dll
0x00007ffdaadb0000 - 0x00007ffdaadd7000 	C:\WINDOWS\SYSTEM32\WINMM.dll
0x00007ffdb1d50000 - 0x00007ffdb1d59000 	C:\WINDOWS\SYSTEM32\WSOCK32.dll
0x00007ffdb7740000 - 0x00007ffdb77ab000 	C:\WINDOWS\System32\WS2_32.dll
0x00007ffdb6600000 - 0x00007ffdb6612000 	C:\WINDOWS\SYSTEM32\UMPDC.dll
0x00007ffdb4650000 - 0x00007ffdb4662000 	C:\WINDOWS\SYSTEM32\kernel.appcore.dll
0x00007ffdb0f60000 - 0x00007ffdb0f6a000 	C:\Program Files\JetBrains\PyCharm Community Edition 2023.3.4\jbr\bin\jimage.dll
0x00007ffd9d260000 - 0x00007ffd9d444000 	C:\WINDOWS\SYSTEM32\DBGHELP.DLL
0x00007ffdb1a70000 - 0x00007ffdb1aa4000 	C:\WINDOWS\SYSTEM32\dbgcore.DLL
0x00007ffdb6b40000 - 0x00007ffdb6bc2000 	C:\WINDOWS\System32\bcryptPrimitives.dll
0x00007ffdab250000 - 0x00007ffdab275000 	C:\Program Files\JetBrains\PyCharm Community Edition 2023.3.4\jbr\bin\java.dll

dbghelp: loaded successfully - version: 4.0.5 - missing functions: none
symbol engine: initialized successfully - sym options: 0x614 - pdb path: .;C:\Program Files\JetBrains\PyCharm Community Edition 2023.3.4\jbr\bin;C:\WINDOWS\SYSTEM32;C:\WINDOWS\WinSxS\amd64_microsoft.windows.common-controls_6595b64144ccf1df_6.0.19041.3636_none_60b6a03d71f818d5;C:\Program Files\JetBrains\PyCharm Community Edition 2023.3.4\jbr\bin\server

VM Arguments:
java_command: git4idea.http.GitAskPassApp Username for 'https://github.com': 
java_class_path (initial): C:/Program Files/JetBrains/PyCharm Community Edition 2023.3.4/plugins/vcs-git/lib/git4idea-rt.jar;C:/Program Files/JetBrains/PyCharm Community Edition 2023.3.4/lib/externalProcess-rt.jar
Launcher Type: SUN_STANDARD

[Global flags]
     intx CICompilerCount                          = 3                                         {product} {ergonomic}
     uint ConcGCThreads                            = 1                                         {product} {ergonomic}
     uint G1ConcRefinementThreads                  = 4                                         {product} {ergonomic}
   size_t G1HeapRegionSize                         = 1048576                                   {product} {ergonomic}
    uintx GCDrainStackTargetSize                   = 64                                        {product} {ergonomic}
   size_t InitialHeapSize                          = 50331648                                  {product} {ergonomic}
   size_t MarkStackSize                            = 4194304                                   {product} {ergonomic}
   size_t MaxHeapSize                              = 803209216                                 {product} {ergonomic}
   size_t MinHeapDeltaBytes                        = 1048576                                   {product} {ergonomic}
   size_t MinHeapSize                              = 8388608                                   {product} {ergonomic}
    uintx NonNMethodCodeHeapSize                   = 5832780                                {pd product} {ergonomic}
    uintx NonProfiledCodeHeapSize                  = 122912730                              {pd product} {ergonomic}
    uintx ProfiledCodeHeapSize                     = 122912730                              {pd product} {ergonomic}
    uintx ReservedCodeCacheSize                    = 251658240                              {pd product} {ergonomic}
     bool SegmentedCodeCache                       = true                                      {product} {ergonomic}
   size_t SoftMaxHeapSize                          = 803209216                              {manageable} {ergonomic}
     bool UseCompressedClassPointers               = true                           {product lp64_product} {ergonomic}
     bool UseCompressedOops                        = true                           {product lp64_product} {ergonomic}
     bool UseG1GC                                  = true                                      {product} {ergonomic}
     bool UseLargePagesIndividualAllocation        = false                                  {pd product} {ergonomic}

Logging:
Log output configuration:
 #0: stdout all=warning uptime,level,tags
 #1: stderr all=off uptime,level,tags

Environment Variables:
PATH=C:\Program Files\Git\mingw64\libexec\git-core;C:\Program Files\Git\mingw64\libexec\git-core;C:\Program Files\Git\mingw64\bin;C:\Program Files\Git\usr\bin;C:\Users\PR\bin;C:\Program Files\Common Files\Oracle\Java\javapath;C:\Program Files (x86)\Common Files\Oracle\Java\javapath;C:\OraHome_1\bin;C:\OraHome_1\jre\1.4.2\bin\client;C:\OraHome_1\jre\1.4.2\bin;C:\ProgramData\Oracle\Java\javapath;D:\DevSuiteHome_1\bin;D:\DevSuiteHome_1\jdk\jre\bin\classic;D:\DevSuiteHome_1\jdk\jre\bin;D:\DevSuiteHome_1\jdk\jre\bin\client;D:\DevSuiteHome_1\jlib;D:\DevSuiteHome_1\jre\1.4.2\bin\client;D:\DevSuiteHome_1\jre\1.4.2\bin;C:\WINDOWS\system32;C:\WINDOWS;C:\WINDOWS\System32\Wbem;C:\WINDOWS\System32\WindowsPowerShell\v1.0;C:\WINDOWS\System32\OpenSSH;C:\Program Files (x86)\Microsoft SQL Server\150\DTS\Binn;C:\Program Files\nodejs;C:\Program Files\Java\jdk-21\bin;C:\Program Files\Git\cmd;C:\Users\PR\AppData\Local\Programs\Python\Launcher;C:\Program Files\Java\jdk-14\bin;C:\Users\PR\AppData\Local\Microsoft\WindowsApps;C:\Program Files\Azure Data Studio\bin;C:\Program Files\Azure Data Studio\bin;C:\Users\PR\AppData\Roaming\npm;C:\Program Files\Java\jdk-21\bin;C:\Users\PR\AppData\Local\Programs\Python\Python312;C:\Users\PR\AppData\Local\Programs\Python\Python312\Scripts;C:\Users\PR\AppData\Local\Programs\Python\Launcher;C:\Program Files\JetBrains\PyCharm Community Edition 2023.3.4\bin
USERNAME=PR
DISPLAY=:0.0
LC_ALL=en_US.UTF-8
TERM=xterm-256color
TMPDIR=C:\Users\PR\AppData\Local\Temp
OS=Windows_NT
PROCESSOR_IDENTIFIER=Intel64 Family 6 Model 42 Stepping 7, GenuineIntel
TMP=C:\Users\PR\AppData\Local\Temp
TEMP=C:\Users\PR\AppData\Local\Temp



Periodic native trim disabled

JNI global refs:
JNI global refs: 0, weak refs: 0

JNI global refs memory usage: 0, weak refs: 0

OOME stack traces (most recent first):
Classloader memory used:


---------------  S Y S T E M  ---------------

OS:
 Windows 10 , 64 bit Build 19041 (10.0.19041.3636)
OS uptime: 0 days 4:29 hours

CPU: total 4 (initial active 4) (2 cores per cpu, 2 threads per core) family 6 model 42 stepping 7 microcode 0x2f, cx8, cmov, fxsr, ht, mmx, sse, sse2, sse3, ssse3, sse4.1, sse4.2, popcnt, tsc, tscinvbit, avx, clmul, vzeroupper, clflush
Processor Information for all 4 processors :
  Max Mhz: 2200, Current Mhz: 800, Mhz Limit: 2200

Memory: 4k page, system-wide physical 3061M (56M free)
TotalPageFile size 4339M (AvailPageFile size 36M)
current process WorkingSet (physical memory assigned to process): 10M, peak: 10M
current process commit charge ("private bytes"): 51M, peak: 99M

vm_info: OpenJDK 64-Bit Server VM (17.0.10+1-b1087.17) for windows-amd64 JRE (17.0.10+1-b1087.17), built on 2024-01-19 by "builduser" with MS VC++ 16.10 / 16.11 (VS2019)

END.
